[     170ms] [INFO] %cDownload the React DevTools for a better development experience: https://react.dev/link/react-devtools font-weight:bold @ http://localhost:3000/_next/static/chunks/1hdb_next_dist_1icsjrr._.js:2477
[     215ms] [LOG] [HMR] connected @ http://localhost:3000/_next/static/chunks/1hdb_next_dist_1icsjrr._.js:2477
[     416ms] [LOG] %c[Vercel Web Analytics]%c Debug mode is enabled by default in development. No requests will be sent to the server. color: rgb(120, 120, 120) color: inherit @ http://localhost:3000/_next/static/chunks/1hdb_next_dist_1icsjrr._.js:2477
[     416ms] [LOG] %c[Vercel Web Analytics]%c Running queued event color: rgb(120, 120, 120) color: inherit pageview {route: /, path: /} @ http://localhost:3000/_next/static/chunks/1hdb_next_dist_1icsjrr._.js:2477
[     417ms] [LOG] %c[Vercel Web Analytics]%c [view] http://localhost:3000/ color: rgb(120, 120, 120) color: inherit {o: http://localhost:3000/, sv: 0.1.3, sdkn: @vercel/analytics/next, sdkv: 2.0.1, ts: 1784747133155} /_vercel/insights/view @ http://localhost:3000/_next/static/chunks/1hdb_next_dist_1icsjrr._.js:2477
[   74820ms] [LOG] [Fast Refresh] rebuilding @ http://localhost:3000/_next/static/chunks/1hdb_next_dist_1icsjrr._.js:2477
[   74865ms] [LOG] [Fast Refresh] done in 45ms @ http://localhost:3000/_next/static/chunks/1hdb_next_dist_1icsjrr._.js:2477
[   74936ms] [WARNING] WebGL: INVALID_OPERATION: drawArrays: no buffer is bound to enabled attribute @ http://localhost:3000/_next/static/chunks/node_modules__pnpm_1d550el._.js:2427
[   83892ms] [LOG] [Fast Refresh] rebuilding @ http://localhost:3000/_next/static/chunks/1hdb_next_dist_1icsjrr._.js:2477
[   83937ms] [LOG] [Fast Refresh] done in 30ms @ http://localhost:3000/_next/static/chunks/1hdb_next_dist_1icsjrr._.js:2477
[   83997ms] [WARNING] WebGL: INVALID_OPERATION: drawArrays: no buffer is bound to enabled attribute @ http://localhost:3000/_next/static/chunks/node_modules__pnpm_1d550el._.js:2427
[   90022ms] [LOG] [Fast Refresh] rebuilding @ http://localhost:3000/_next/static/chunks/1hdb_next_dist_1icsjrr._.js:2477
[   90063ms] [LOG] [Fast Refresh] done in 23ms @ http://localhost:3000/_next/static/chunks/1hdb_next_dist_1icsjrr._.js:2477
[   90104ms] [WARNING] WebGL: INVALID_OPERATION: drawArrays: no buffer is bound to enabled attribute @ http://localhost:3000/_next/static/chunks/node_modules__pnpm_1d550el._.js:2427
[   97702ms] [LOG] [Fast Refresh] rebuilding @ http://localhost:3000/_next/static/chunks/1hdb_next_dist_1icsjrr._.js:2477
[   97730ms] [LOG] [Fast Refresh] done in 28ms @ http://localhost:3000/_next/static/chunks/1hdb_next_dist_1icsjrr._.js:2477
[  106763ms] [LOG] [Fast Refresh] rebuilding @ http://localhost:3000/_next/static/chunks/1hdb_next_dist_1icsjrr._.js:2477
[  106801ms] [LOG] [Fast Refresh] done in 73ms @ http://localhost:3000/_next/static/chunks/1hdb_next_dist_1icsjrr._.js:2477
[  112968ms] [LOG] [Fast Refresh] rebuilding @ http://localhost:3000/_next/static/chunks/1hdb_next_dist_1icsjrr._.js:2477
[  112993ms] [LOG] [Fast Refresh] done in 35ms @ http://localhost:3000/_next/static/chunks/1hdb_next_dist_1icsjrr._.js:2477
[  119110ms] [LOG] [Fast Refresh] rebuilding @ http://localhost:3000/_next/static/chunks/1hdb_next_dist_1icsjrr._.js:2477
[  119137ms] [LOG] [Fast Refresh] done in 44ms @ http://localhost:3000/_next/static/chunks/1hdb_next_dist_1icsjrr._.js:2477
[  126054ms] [LOG] [Fast Refresh] rebuilding @ http://localhost:3000/_next/static/chunks/1hdb_next_dist_1icsjrr._.js:2477
[  126084ms] [LOG] [Fast Refresh] done in 23ms @ http://localhost:3000/_next/static/chunks/1hdb_next_dist_1icsjrr._.js:2477
