[     164ms] [INFO] %cDownload the React DevTools for a better development experience: https://react.dev/link/react-devtools font-weight:bold @ http://localhost:3000/_next/static/chunks/1hdb_next_dist_1icsjrr._.js:2477
[     180ms] [LOG] [HMR] connected @ http://localhost:3000/_next/static/chunks/1hdb_next_dist_1icsjrr._.js:2477
[     308ms] [LOG] %c[Vercel Web Analytics]%c Debug mode is enabled by default in development. No requests will be sent to the server. color: rgb(120, 120, 120) color: inherit @ http://localhost:3000/_next/static/chunks/1hdb_next_dist_1icsjrr._.js:2477
[     308ms] [LOG] %c[Vercel Web Analytics]%c Running queued event color: rgb(120, 120, 120) color: inherit pageview {route: /, path: /} @ http://localhost:3000/_next/static/chunks/1hdb_next_dist_1icsjrr._.js:2477
[     308ms] [LOG] %c[Vercel Web Analytics]%c [view] http://localhost:3000/ color: rgb(120, 120, 120) color: inherit {o: http://localhost:3000/, sv: 0.1.3, sdkn: @vercel/analytics/next, sdkv: 2.0.1, ts: 1784747266433} /_vercel/insights/view @ http://localhost:3000/_next/static/chunks/1hdb_next_dist_1icsjrr._.js:2477
[  111690ms] [ERROR] Failed to load resource: net::ERR_CONNECTION_REFUSED @ http://localhost:9999/shot:0
[  158050ms] [LOG] [Fast Refresh] rebuilding @ http://localhost:3000/_next/static/chunks/1hdb_next_dist_1icsjrr._.js:2477
[  158062ms] ReferenceError: inlineUnit is not defined
    at Tile (http://localhost:3000/_next/static/chunks/src_1m9i5g8._.js?id=%255Bproject%255D%252Fsrc%252Fcomponents%252Fops%252Ftelemetry-tiles.tsx+%255Bapp-client%255D+%2528ecmascript%2529:66:203)
    at Object.react_stack_bottom_frame (http://localhost:3000/_next/static/chunks/1hdb_next_dist_compiled_react-dom_15z176d._.js:15037:24)
    at renderWithHooks (http://localhost:3000/_next/static/chunks/1hdb_next_dist_compiled_react-dom_15z176d._.js:4620:24)
    at updateFunctionComponent (http://localhost:3000/_next/static/chunks/1hdb_next_dist_compiled_react-dom_15z176d._.js:6081:21)
    at beginWork (http://localhost:3000/_next/static/chunks/1hdb_next_dist_compiled_react-dom_15z176d._.js:6691:24)
    at runWithFiberInDEV (http://localhost:3000/_next/static/chunks/1hdb_next_dist_compiled_react-dom_15z176d._.js:965:74)
    at performUnitOfWork (http://localhost:3000/_next/static/chunks/1hdb_next_dist_compiled_react-dom_15z176d._.js:9555:97)
    at workLoopSync (http://localhost:3000/_next/static/chunks/1hdb_next_dist_compiled_react-dom_15z176d._.js:9449:40)
    at renderRootSync (http://localhost:3000/_next/static/chunks/1hdb_next_dist_compiled_react-dom_15z176d._.js:9433:13)
    at performWorkOnRoot (http://localhost:3000/_next/static/chunks/1hdb_next_dist_compiled_react-dom_15z176d._.js:9098:47)
    at performSyncWorkOnRoot (http://localhost:3000/_next/static/chunks/1hdb_next_dist_compiled_react-dom_15z176d._.js:10263:9)
    at flushSyncWorkAcrossRoots_impl (http://localhost:3000/_next/static/chunks/1hdb_next_dist_compiled_react-dom_15z176d._.js:10179:316)
    at flushSyncWork$1 (http://localhost:3000/_next/static/chunks/1hdb_next_dist_compiled_react-dom_15z176d._.js:9230:86)
    at Object.scheduleRefresh (http://localhost:3000/_next/static/chunks/1hdb_next_dist_compiled_react-dom_15z176d._.js:299:13)
    at http://localhost:3000/_next/static/chunks/1hdb_next_dist_compiled_1hv8-zs._.js:391:33
    at Set.forEach (<anonymous>)
    at Object.performReactRefresh (http://localhost:3000/_next/static/chunks/1hdb_next_dist_compiled_1hv8-zs._.js:384:38)
    at applyUpdate (http://localhost:3000/_next/static/chunks/1hdb_next_dist_compiled_1hv8-zs._.js:878:31)
    at http://localhost:3000/_next/static/chunks/1hdb_next_dist_compiled_1hv8-zs._.js:886:13
[  158139ms] [LOG] [Fast Refresh] done in 34ms @ http://localhost:3000/_next/static/chunks/1hdb_next_dist_1icsjrr._.js:2477
[  164989ms] [LOG] [Fast Refresh] rebuilding @ http://localhost:3000/_next/static/chunks/1hdb_next_dist_1icsjrr._.js:2477
[  164990ms] [WARNING] [Fast Refresh] performing full reload because your application had an unrecoverable error @ http://localhost:3000/_next/static/chunks/1hdb_next_dist_1icsjrr._.js:2477
[  164991ms] [ERROR] Encountered a script tag while rendering React component. Scripts inside React components are never executed when rendering on the client. Consider using template tag instead (https://developer.mozilla.org/en-US/docs/Web/HTML/Element/template). @ http://localhost:3000/_next/static/chunks/1hdb_next_dist_1icsjrr._.js:3318
[  165019ms] [LOG] %c[Vercel Web Analytics]%c [view] http://localhost:3000/ color: rgb(120, 120, 120) color: inherit {o: http://localhost:3000/, sv: 0.1.3, sdkn: @vercel/analytics/next, sdkv: 2.0.1, ts: 1784747431144} /_vercel/insights/view @ http://localhost:3000/_next/static/chunks/1hdb_next_dist_1icsjrr._.js:2477
[  165216ms] [LOG] [Fast Refresh] done in 41ms @ http://localhost:3000/_next/static/chunks/1hdb_next_dist_1icsjrr._.js:2477
[  165347ms] [INFO] %cDownload the React DevTools for a better development experience: https://react.dev/link/react-devtools font-weight:bold @ http://localhost:3000/_next/static/chunks/1hdb_next_dist_1icsjrr._.js:2477
[  165370ms] [LOG] [HMR] connected @ http://localhost:3000/_next/static/chunks/1hdb_next_dist_1icsjrr._.js:2477
[  165451ms] [LOG] %c[Vercel Web Analytics]%c Debug mode is enabled by default in development. No requests will be sent to the server. color: rgb(120, 120, 120) color: inherit @ http://localhost:3000/_next/static/chunks/1hdb_next_dist_1icsjrr._.js:2477
[  165451ms] [LOG] %c[Vercel Web Analytics]%c Running queued event color: rgb(120, 120, 120) color: inherit pageview {route: /, path: /} @ http://localhost:3000/_next/static/chunks/1hdb_next_dist_1icsjrr._.js:2477
[  165451ms] [LOG] %c[Vercel Web Analytics]%c [view] http://localhost:3000/ color: rgb(120, 120, 120) color: inherit {o: http://localhost:3000/, sv: 0.1.3, sdkn: @vercel/analytics/next, sdkv: 2.0.1, ts: 1784747431577} /_vercel/insights/view @ http://localhost:3000/_next/static/chunks/1hdb_next_dist_1icsjrr._.js:2477
[  173051ms] [INFO] %cDownload the React DevTools for a better development experience: https://react.dev/link/react-devtools font-weight:bold @ http://localhost:3000/_next/static/chunks/1hdb_next_dist_1icsjrr._.js:2477
[  173061ms] [LOG] [HMR] connected @ http://localhost:3000/_next/static/chunks/1hdb_next_dist_1icsjrr._.js:2477
[  173247ms] [LOG] %c[Vercel Web Analytics]%c Debug mode is enabled by default in development. No requests will be sent to the server. color: rgb(120, 120, 120) color: inherit @ http://localhost:3000/_next/static/chunks/1hdb_next_dist_1icsjrr._.js:2477
[  173247ms] [LOG] %c[Vercel Web Analytics]%c Running queued event color: rgb(120, 120, 120) color: inherit pageview {route: /, path: /} @ http://localhost:3000/_next/static/chunks/1hdb_next_dist_1icsjrr._.js:2477
[  173247ms] [LOG] %c[Vercel Web Analytics]%c [view] http://localhost:3000/ color: rgb(120, 120, 120) color: inherit {o: http://localhost:3000/, sv: 0.1.3, sdkn: @vercel/analytics/next, sdkv: 2.0.1, ts: 1784747439373} /_vercel/insights/view @ http://localhost:3000/_next/static/chunks/1hdb_next_dist_1icsjrr._.js:2477
[  185390ms] [WARNING] WebGL: INVALID_OPERATION: drawArrays: no buffer is bound to enabled attribute @ http://localhost:3000/_next/static/chunks/node_modules__pnpm_1d550el._.js:2427
[  185476ms] [INFO] %cDownload the React DevTools for a better development experience: https://react.dev/link/react-devtools font-weight:bold @ http://localhost:3000/_next/static/chunks/1hdb_next_dist_1icsjrr._.js:2477
[  185486ms] [LOG] [HMR] connected @ http://localhost:3000/_next/static/chunks/1hdb_next_dist_1icsjrr._.js:2477
[  185664ms] [LOG] %c[Vercel Web Analytics]%c Debug mode is enabled by default in development. No requests will be sent to the server. color: rgb(120, 120, 120) color: inherit @ http://localhost:3000/_next/static/chunks/1hdb_next_dist_1icsjrr._.js:2477
[  185664ms] [LOG] %c[Vercel Web Analytics]%c Running queued event color: rgb(120, 120, 120) color: inherit pageview {route: /, path: /} @ http://localhost:3000/_next/static/chunks/1hdb_next_dist_1icsjrr._.js:2477
[  185664ms] [LOG] %c[Vercel Web Analytics]%c [view] http://localhost:3000/ color: rgb(120, 120, 120) color: inherit {o: http://localhost:3000/, sv: 0.1.3, sdkn: @vercel/analytics/next, sdkv: 2.0.1, ts: 1784747451789} /_vercel/insights/view @ http://localhost:3000/_next/static/chunks/1hdb_next_dist_1icsjrr._.js:2477
[  188024ms] [WARNING] WebGL: INVALID_OPERATION: drawArrays: no buffer is bound to enabled attribute @ http://localhost:3000/_next/static/chunks/node_modules__pnpm_1d550el._.js:2427
[  188558ms] [WARNING] WebGL: INVALID_OPERATION: drawArrays: no buffer is bound to enabled attribute @ http://localhost:3000/_next/static/chunks/node_modules__pnpm_1d550el._.js:2427
[  807124ms] [LOG] [Fast Refresh] rebuilding @ http://localhost:3000/_next/static/chunks/1hdb_next_dist_1icsjrr._.js:2477
[  807162ms] [LOG] [Fast Refresh] done in 66ms @ http://localhost:3000/_next/static/chunks/1hdb_next_dist_1icsjrr._.js:2477
[  814388ms] [LOG] [Fast Refresh] rebuilding @ http://localhost:3000/_next/static/chunks/1hdb_next_dist_1icsjrr._.js:2477
[  814420ms] [LOG] [Fast Refresh] done in 92ms @ http://localhost:3000/_next/static/chunks/1hdb_next_dist_1icsjrr._.js:2477
[  825426ms] [LOG] [Fast Refresh] rebuilding @ http://localhost:3000/_next/static/chunks/1hdb_next_dist_1icsjrr._.js:2477
[  825460ms] [LOG] [Fast Refresh] done in 73ms @ http://localhost:3000/_next/static/chunks/1hdb_next_dist_1icsjrr._.js:2477
[  830711ms] [LOG] [Fast Refresh] rebuilding @ http://localhost:3000/_next/static/chunks/1hdb_next_dist_1icsjrr._.js:2477
[  830745ms] [LOG] [Fast Refresh] done in 57ms @ http://localhost:3000/_next/static/chunks/1hdb_next_dist_1icsjrr._.js:2477
[  836195ms] [LOG] [Fast Refresh] rebuilding @ http://localhost:3000/_next/static/chunks/1hdb_next_dist_1icsjrr._.js:2477
[  836614ms] [LOG] [Fast Refresh] done in 165ms @ http://localhost:3000/_next/static/chunks/1hdb_next_dist_1icsjrr._.js:2477
[  836747ms] [WARNING] [HMR] Invalid message: {"isTrusted":true}
TypeError: Cannot convert undefined or null to object
    at Object.keys (<anonymous>)
    at extractModulesFromTurbopackMessage (http://localhost:3000/_next/static/chunks/1hdb_next_dist_client_1m-2eb_._.js:13754:39)
    at TurbopackHmr.onTurbopackMessage (http://localhost:3000/_next/static/chunks/1hdb_next_dist_client_1m-2eb_._.js:13701:32)
    at processMessage (http://localhost:3000/_next/static/chunks/1hdb_next_dist_client_1m-2eb_._.js:14059:30)
    at WebSocket.handleMessage (http://localhost:3000/_next/static/chunks/1hdb_next_dist_client_1m-2eb_._.js:13458:52) @ http://localhost:3000/_next/static/chunks/1hdb_next_dist_1icsjrr._.js:2477
[  836889ms] [ERROR] Failed to load resource: the server responded with a status of 500 (Internal Server Error) @ http://localhost:3000/:0
[  836972ms] [INFO] %cDownload the React DevTools for a better development experience: https://react.dev/link/react-devtools font-weight:bold @ http://localhost:3000/_next/static/chunks/1hdb_next_dist_1icsjrr._.js:2477
[  836994ms] [LOG] [HMR] connected @ http://localhost:3000/_next/static/chunks/1hdb_next_dist_1icsjrr._.js:2477
[  837053ms] ReferenceError: Providers is not defined
    at RootLayout (about://React/Server/file:///Users/pantelistsagkas/Development/competitive-intel-dashboard/.next/dev/server/chunks/ssr/%5Broot-of-the-server%5D__17qtdd3._.js?0:88:431)
    at resolveErrorDev (http://localhost:3000/_next/static/chunks/1hdb_next_dist_compiled_react-server-dom-turbopack_0dzmnmi._.js:1919:105)
    at processFullStringRow (http://localhost:3000/_next/static/chunks/1hdb_next_dist_compiled_react-server-dom-turbopack_0dzmnmi._.js:2434:29)
    at processFullBinaryRow (http://localhost:3000/_next/static/chunks/1hdb_next_dist_compiled_react-server-dom-turbopack_0dzmnmi._.js:2393:9)
    at processBinaryChunk (http://localhost:3000/_next/static/chunks/1hdb_next_dist_compiled_react-server-dom-turbopack_0dzmnmi._.js:2502:221)
    at progress (http://localhost:3000/_next/static/chunks/1hdb_next_dist_compiled_react-server-dom-turbopack_0dzmnmi._.js:2689:13)
[  842342ms] [LOG] [Fast Refresh] rebuilding @ http://localhost:3000/_next/static/chunks/1hdb_next_dist_1icsjrr._.js:2477
[  842452ms] [LOG] [Fast Refresh] done in 25ms @ http://localhost:3000/_next/static/chunks/1hdb_next_dist_1icsjrr._.js:2477
[  842559ms] [INFO] %cDownload the React DevTools for a better development experience: https://react.dev/link/react-devtools font-weight:bold @ http://localhost:3000/_next/static/chunks/1hdb_next_dist_1icsjrr._.js:2477
[  842591ms] [LOG] [HMR] connected @ http://localhost:3000/_next/static/chunks/1hdb_next_dist_1icsjrr._.js:2477
[  843017ms] [LOG] %c[Vercel Web Analytics]%c Debug mode is enabled by default in development. No requests will be sent to the server. color: rgb(120, 120, 120) color: inherit @ http://localhost:3000/_next/static/chunks/1hdb_next_dist_1icsjrr._.js:2477
[  843017ms] [LOG] %c[Vercel Web Analytics]%c Running queued event color: rgb(120, 120, 120) color: inherit pageview {route: /, path: /} @ http://localhost:3000/_next/static/chunks/1hdb_next_dist_1icsjrr._.js:2477
[  843017ms] [LOG] %c[Vercel Web Analytics]%c [view] http://localhost:3000/ color: rgb(120, 120, 120) color: inherit {o: http://localhost:3000/, sv: 0.1.3, sdkn: @vercel/analytics/next, sdkv: 2.0.1, ts: 1784748109142} /_vercel/insights/view @ http://localhost:3000/_next/static/chunks/1hdb_next_dist_1icsjrr._.js:2477
[  846048ms] [LOG] [Fast Refresh] rebuilding @ http://localhost:3000/_next/static/chunks/1hdb_next_dist_1icsjrr._.js:2477
[  846347ms] [ERROR] ./src/components/site-header.tsx:3:1
Module not found: Can't resolve '@/components/theme-toggle'
  1 | import Link from "next/link";
  2 | import { Radar } from "lucide-react";
> 3 | import { ThemeToggle } from "@/components/theme-toggle";
    | ^^^^^^^^^^^^^^^^^^^^^^^^^^^^^^^^^^^^^^^^^^^^^^^^^^^^^^^^
  4 | import { Badge } from "@/components/ui/badge";
  5 |
  6 | export function SiteHeader({ datasetLabel }: { datasetLabel?: string }) {

Import map: aliased to relative './src/components/theme-toggle' inside of [project]/

Import trace:
  Server Component:
    ./src/components/site-header.tsx
    ./src/app/page.tsx

https://nextjs.org/docs/messages/module-not-found @ http://localhost:3000/_next/static/chunks/1hdb_next_dist_1icsjrr._.js:3318
[  846360ms] [ERROR] Failed to load resource: the server responded with a status of 500 (Internal Server Error) @ http://localhost:3000/?_rsc=q3mOO9BClNZHexY7:0
[  846410ms] [ERROR] Failed to load resource: the server responded with a status of 500 (Internal Server Error) @ http://localhost:3000/?_rsc=q3mOO9BClNZHexY7:0
[  846467ms] [ERROR] Failed to load resource: the server responded with a status of 500 (Internal Server Error) @ http://localhost:3000/:0
[  846594ms] [INFO] %cDownload the React DevTools for a better development experience: https://react.dev/link/react-devtools font-weight:bold @ http://localhost:3000/_next/static/chunks/162a_react-dom_1hsf_h5._.js:15305
[  846623ms] Error: ./src/components/site-header.tsx:3:1
Module not found: Can't resolve '@/components/theme-toggle'
  1 | import Link from "next/link";
  2 | import { Radar } from "lucide-react";
> 3 | import { ThemeToggle } from "@/components/theme-toggle";
    | ^^^^^^^^^^^^^^^^^^^^^^^^^^^^^^^^^^^^^^^^^^^^^^^^^^^^^^^^
  4 | import { Badge } from "@/components/ui/badge";
  5 |
  6 | export function SiteHeader({ datasetLabel }: { datasetLabel?: string }) {

Import map: aliased to relative './src/components/theme-toggle' inside of [project]/


Import trace:
  Server Component:
    ./src/components/site-header.tsx
    ./src/app/page.tsx

https://nextjs.org/docs/messages/module-not-found


    at <unknown> (Error: ./src/components/site-header.tsx:3:1)
    at <unknown> (https://nextjs.org/docs/messages/module-not-found)
    at Object.getCompilationErrors (file:///Users/pantelistsagkas/Development/competitive-intel-dashboard/node_modules/.pnpm/next@16.2.10_@babel+core@7.29.7_react-dom@19.2.4_react@19.2.4__react@19.2.4/node_modules/next/dist/server/dev/hot-reloader-turbopack.js:1186:59)
    at DevBundlerService.getCompilationError (file:///Users/pantelistsagkas/Development/competitive-intel-dashboard/node_modules/.pnpm/next@16.2.10_@babel+core@7.29.7_react-dom@19.2.4_react@19.2.4__react@19.2.4/node_modules/next/dist/server/lib/dev-bundler-service.js:44:55)
    at DevServer.getCompilationError (file:///Users/pantelistsagkas/Development/competitive-intel-dashboard/node_modules/.pnpm/next@16.2.10_@babel+core@7.29.7_react-dom@19.2.4_react@19.2.4__react@19.2.4/node_modules/next/dist/server/dev/next-dev-server.js:720:42)
    at DevServer.findPageComponents (file:///Users/pantelistsagkas/Development/competitive-intel-dashboard/node_modules/.pnpm/next@16.2.10_@babel+core@7.29.7_react-dom@19.2.4_react@19.2.4__react@19.2.4/node_modules/next/dist/server/dev/next-dev-server.js:690:43)
    at async DevServer.renderErrorToResponseImpl (file:///Users/pantelistsagkas/Development/competitive-intel-dashboard/node_modules/.pnpm/next@16.2.10_@babel+core@7.29.7_react-dom@19.2.4_react@19.2.4__react@19.2.4/node_modules/next/dist/server/base-server.js:1753:26)
[  846624ms] [LOG] [HMR] connected @ http://localhost:3000/_next/static/chunks/1hdb_next_dist_0kpbq6p._.js:1226
[  846625ms] [ERROR] ./src/components/site-header.tsx:3:1
Module not found: Can't resolve '@/components/theme-toggle'
  1 | import Link from "next/link";
  2 | import { Radar } from "lucide-react";
> 3 | import { ThemeToggle } from "@/components/theme-toggle";
    | ^^^^^^^^^^^^^^^^^^^^^^^^^^^^^^^^^^^^^^^^^^^^^^^^^^^^^^^^
  4 | import { Badge } from "@/components/ui/badge";
  5 |
  6 | export function SiteHeader({ datasetLabel }: { datasetLabel?: string }) {

Import map: aliased to relative './src/components/theme-toggle' inside of [project]/

Import trace:
  Server Component:
    ./src/components/site-header.tsx
    ./src/app/page.tsx

https://nextjs.org/docs/messages/module-not-found @ http://localhost:3000/_next/static/chunks/1hdb_next_dist_0kpbq6p._.js:1945
[  846680ms] [ERROR] ./src/components/site-header.tsx:3:1
Module not found: Can't resolve '@/components/theme-toggle'
  1 | import Link from "next/link";
  2 | import { Radar } from "lucide-react";
> 3 | import { ThemeToggle } from "@/components/theme-toggle";
    | ^^^^^^^^^^^^^^^^^^^^^^^^^^^^^^^^^^^^^^^^^^^^^^^^^^^^^^^^
  4 | import { Badge } from "@/components/ui/badge";
  5 |
  6 | export function SiteHeader({ datasetLabel }: { datasetLabel?: string }) {

Import map: aliased to relative './src/components/theme-toggle' inside of [project]/

Import trace:
  Server Component:
    ./src/components/site-header.tsx
    ./src/app/page.tsx

https://nextjs.org/docs/messages/module-not-found @ http://localhost:3000/_next/static/chunks/1hdb_next_dist_0kpbq6p._.js:1945
[  846737ms] [LOG] [Fast Refresh] rebuilding @ http://localhost:3000/_next/static/chunks/1hdb_next_dist_0kpbq6p._.js:1226
[  858014ms] [LOG] [Fast Refresh] rebuilding @ http://localhost:3000/_next/static/chunks/1hdb_next_dist_0kpbq6p._.js:1226
[  858019ms] [WARNING] [Fast Refresh] performing full reload because your application had an unrecoverable error @ http://localhost:3000/_next/static/chunks/1hdb_next_dist_0kpbq6p._.js:1226
[  858306ms] [LOG] [Fast Refresh] done in 156ms @ http://localhost:3000/_next/static/chunks/1hdb_next_dist_0kpbq6p._.js:1226
[  858502ms] [INFO] %cDownload the React DevTools for a better development experience: https://react.dev/link/react-devtools font-weight:bold @ http://localhost:3000/_next/static/chunks/1hdb_next_dist_1icsjrr._.js:2477
[  858518ms] [LOG] [HMR] connected @ http://localhost:3000/_next/static/chunks/1hdb_next_dist_1icsjrr._.js:2477
[  858643ms] [LOG] %c[Vercel Web Analytics]%c Debug mode is enabled by default in development. No requests will be sent to the server. color: rgb(120, 120, 120) color: inherit @ http://localhost:3000/_next/static/chunks/1hdb_next_dist_1icsjrr._.js:2477
[  858643ms] [LOG] %c[Vercel Web Analytics]%c Running queued event color: rgb(120, 120, 120) color: inherit pageview {route: /, path: /} @ http://localhost:3000/_next/static/chunks/1hdb_next_dist_1icsjrr._.js:2477
[  858643ms] [LOG] %c[Vercel Web Analytics]%c [view] http://localhost:3000/ color: rgb(120, 120, 120) color: inherit {o: http://localhost:3000/, sv: 0.1.3, sdkn: @vercel/analytics/next, sdkv: 2.0.1, ts: 1784748124768} /_vercel/insights/view @ http://localhost:3000/_next/static/chunks/1hdb_next_dist_1icsjrr._.js:2477
[  869372ms] [LOG] [Fast Refresh] rebuilding @ http://localhost:3000/_next/static/chunks/1hdb_next_dist_1icsjrr._.js:2477
[  869397ms] [LOG] [Fast Refresh] done in 31ms @ http://localhost:3000/_next/static/chunks/1hdb_next_dist_1icsjrr._.js:2477
[  872785ms] [LOG] [Fast Refresh] rebuilding @ http://localhost:3000/_next/static/chunks/1hdb_next_dist_1icsjrr._.js:2477
[  872813ms] [LOG] [Fast Refresh] done in 27ms @ http://localhost:3000/_next/static/chunks/1hdb_next_dist_1icsjrr._.js:2477
[  876077ms] [LOG] [Fast Refresh] rebuilding @ http://localhost:3000/_next/static/chunks/1hdb_next_dist_1icsjrr._.js:2477
[  876106ms] [LOG] [Fast Refresh] done in 46ms @ http://localhost:3000/_next/static/chunks/1hdb_next_dist_1icsjrr._.js:2477
[  894996ms] [LOG] [Fast Refresh] rebuilding @ http://localhost:3000/_next/static/chunks/1hdb_next_dist_1icsjrr._.js:2477
[  895038ms] [LOG] [Fast Refresh] done in 40ms @ http://localhost:3000/_next/static/chunks/1hdb_next_dist_1icsjrr._.js:2477
[  895067ms] [WARNING] WebGL: INVALID_OPERATION: drawArrays: no buffer is bound to enabled attribute @ http://localhost:3000/_next/static/chunks/node_modules__pnpm_0xnzfpb._.js:2295
[  913929ms] [LOG] [Fast Refresh] rebuilding @ http://localhost:3000/_next/static/chunks/1hdb_next_dist_1icsjrr._.js:2477
[  913962ms] [LOG] [Fast Refresh] done in 133ms @ http://localhost:3000/_next/static/chunks/1hdb_next_dist_1icsjrr._.js:2477
[  992923ms] [LOG] [Fast Refresh] rebuilding @ http://localhost:3000/_next/static/chunks/1hdb_next_dist_1icsjrr._.js:2477
[  992931ms] ReferenceError: arcs is not defined
    at OpsGlobe (http://localhost:3000/_next/static/chunks/src_0xvriu0._.js?id=%255Bproject%255D%252Fsrc%252Fcomponents%252Fops%252Fops-globe.tsx+%255Bapp-client%255D+%2528ecmascript%2529:246:9)
    at Object.react_stack_bottom_frame (http://localhost:3000/_next/static/chunks/1hdb_next_dist_compiled_react-dom_15z176d._.js:15037:24)
    at renderWithHooks (http://localhost:3000/_next/static/chunks/1hdb_next_dist_compiled_react-dom_15z176d._.js:4620:24)
    at updateFunctionComponent (http://localhost:3000/_next/static/chunks/1hdb_next_dist_compiled_react-dom_15z176d._.js:6081:21)
    at beginWork (http://localhost:3000/_next/static/chunks/1hdb_next_dist_compiled_react-dom_15z176d._.js:6691:24)
    at runWithFiberInDEV (http://localhost:3000/_next/static/chunks/1hdb_next_dist_compiled_react-dom_15z176d._.js:965:74)
    at performUnitOfWork (http://localhost:3000/_next/static/chunks/1hdb_next_dist_compiled_react-dom_15z176d._.js:9555:97)
    at workLoopSync (http://localhost:3000/_next/static/chunks/1hdb_next_dist_compiled_react-dom_15z176d._.js:9449:40)
    at renderRootSync (http://localhost:3000/_next/static/chunks/1hdb_next_dist_compiled_react-dom_15z176d._.js:9433:13)
    at performWorkOnRoot (http://localhost:3000/_next/static/chunks/1hdb_next_dist_compiled_react-dom_15z176d._.js:9098:47)
    at performSyncWorkOnRoot (http://localhost:3000/_next/static/chunks/1hdb_next_dist_compiled_react-dom_15z176d._.js:10263:9)
    at flushSyncWorkAcrossRoots_impl (http://localhost:3000/_next/static/chunks/1hdb_next_dist_compiled_react-dom_15z176d._.js:10179:316)
    at flushSyncWork$1 (http://localhost:3000/_next/static/chunks/1hdb_next_dist_compiled_react-dom_15z176d._.js:9230:86)
    at Object.scheduleRefresh (http://localhost:3000/_next/static/chunks/1hdb_next_dist_compiled_react-dom_15z176d._.js:299:13)
    at http://localhost:3000/_next/static/chunks/1hdb_next_dist_compiled_1hv8-zs._.js:391:33
    at Set.forEach (<anonymous>)
    at Object.performReactRefresh (http://localhost:3000/_next/static/chunks/1hdb_next_dist_compiled_1hv8-zs._.js:384:38)
    at applyUpdate (http://localhost:3000/_next/static/chunks/1hdb_next_dist_compiled_1hv8-zs._.js:878:31)
    at http://localhost:3000/_next/static/chunks/1hdb_next_dist_compiled_1hv8-zs._.js:886:13
[  992949ms] [LOG] [Fast Refresh] done in 31ms @ http://localhost:3000/_next/static/chunks/1hdb_next_dist_1icsjrr._.js:2477
[ 1009871ms] [LOG] [Fast Refresh] rebuilding @ http://localhost:3000/_next/static/chunks/1hdb_next_dist_1icsjrr._.js:2477
[ 1009872ms] [WARNING] [Fast Refresh] performing full reload because your application had an unrecoverable error @ http://localhost:3000/_next/static/chunks/1hdb_next_dist_1icsjrr._.js:2477
[ 1009948ms] ReferenceError: arcs is not defined
    at OpsGlobe (http://localhost:3000/_next/static/chunks/src_0xvriu0._.js?id=%255Bproject%255D%252Fsrc%252Fcomponents%252Fops%252Fops-globe.tsx+%255Bapp-client%255D+%2528ecmascript%2529:261:9)
    at Object.react_stack_bottom_frame (http://localhost:3000/_next/static/chunks/1hdb_next_dist_compiled_react-dom_15z176d._.js:15037:24)
    at renderWithHooks (http://localhost:3000/_next/static/chunks/1hdb_next_dist_compiled_react-dom_15z176d._.js:4620:24)
    at updateFunctionComponent (http://localhost:3000/_next/static/chunks/1hdb_next_dist_compiled_react-dom_15z176d._.js:6081:21)
    at beginWork (http://localhost:3000/_next/static/chunks/1hdb_next_dist_compiled_react-dom_15z176d._.js:6665:639)
    at runWithFiberInDEV (http://localhost:3000/_next/static/chunks/1hdb_next_dist_compiled_react-dom_15z176d._.js:965:74)
    at performUnitOfWork (http://localhost:3000/_next/static/chunks/1hdb_next_dist_compiled_react-dom_15z176d._.js:9555:97)
    at workLoopSync (http://localhost:3000/_next/static/chunks/1hdb_next_dist_compiled_react-dom_15z176d._.js:9449:40)
    at renderRootSync (http://localhost:3000/_next/static/chunks/1hdb_next_dist_compiled_react-dom_15z176d._.js:9433:13)
    at performWorkOnRoot (http://localhost:3000/_next/static/chunks/1hdb_next_dist_compiled_react-dom_15z176d._.js:9098:47)
    at performSyncWorkOnRoot (http://localhost:3000/_next/static/chunks/1hdb_next_dist_compiled_react-dom_15z176d._.js:10263:9)
    at flushSyncWorkAcrossRoots_impl (http://localhost:3000/_next/static/chunks/1hdb_next_dist_compiled_react-dom_15z176d._.js:10179:316)
    at flushSyncWork$1 (http://localhost:3000/_next/static/chunks/1hdb_next_dist_compiled_react-dom_15z176d._.js:9230:86)
    at Object.scheduleRefresh (http://localhost:3000/_next/static/chunks/1hdb_next_dist_compiled_react-dom_15z176d._.js:299:13)
    at http://localhost:3000/_next/static/chunks/1hdb_next_dist_compiled_1hv8-zs._.js:391:33
    at Set.forEach (<anonymous>)
    at Object.performReactRefresh (http://localhost:3000/_next/static/chunks/1hdb_next_dist_compiled_1hv8-zs._.js:384:38)
    at applyUpdate (http://localhost:3000/_next/static/chunks/1hdb_next_dist_compiled_1hv8-zs._.js:878:31)
    at http://localhost:3000/_next/static/chunks/1hdb_next_dist_compiled_1hv8-zs._.js:886:13
[ 1009926ms] [LOG] [Fast Refresh] done in 30ms @ http://localhost:3000/_next/static/chunks/1hdb_next_dist_1icsjrr._.js:2477
[ 1010068ms] [INFO] %cDownload the React DevTools for a better development experience: https://react.dev/link/react-devtools font-weight:bold @ http://localhost:3000/_next/static/chunks/1hdb_next_dist_1icsjrr._.js:2477
[ 1010089ms] [LOG] [HMR] connected @ http://localhost:3000/_next/static/chunks/1hdb_next_dist_1icsjrr._.js:2477
[ 1010178ms] [LOG] %c[Vercel Web Analytics]%c Debug mode is enabled by default in development. No requests will be sent to the server. color: rgb(120, 120, 120) color: inherit @ http://localhost:3000/_next/static/chunks/1hdb_next_dist_1icsjrr._.js:2477
[ 1010179ms] [LOG] %c[Vercel Web Analytics]%c Running queued event color: rgb(120, 120, 120) color: inherit pageview {route: /, path: /} @ http://localhost:3000/_next/static/chunks/1hdb_next_dist_1icsjrr._.js:2477
[ 1010179ms] [LOG] %c[Vercel Web Analytics]%c [view] http://localhost:3000/ color: rgb(120, 120, 120) color: inherit {o: http://localhost:3000/, sv: 0.1.3, sdkn: @vercel/analytics/next, sdkv: 2.0.1, ts: 1784748276304} /_vercel/insights/view @ http://localhost:3000/_next/static/chunks/1hdb_next_dist_1icsjrr._.js:2477
[ 1010203ms] ReferenceError: arcs is not defined
    at OpsGlobe (http://localhost:3000/_next/static/chunks/src_0xvriu0._.js:2229:9)
    at Object.react_stack_bottom_frame (http://localhost:3000/_next/static/chunks/1hdb_next_dist_compiled_react-dom_15z176d._.js:15037:24)
    at renderWithHooks (http://localhost:3000/_next/static/chunks/1hdb_next_dist_compiled_react-dom_15z176d._.js:4620:24)
    at updateFunctionComponent (http://localhost:3000/_next/static/chunks/1hdb_next_dist_compiled_react-dom_15z176d._.js:6081:21)
    at beginWork (http://localhost:3000/_next/static/chunks/1hdb_next_dist_compiled_react-dom_15z176d._.js:6665:639)
    at runWithFiberInDEV (http://localhost:3000/_next/static/chunks/1hdb_next_dist_compiled_react-dom_15z176d._.js:965:74)
    at performUnitOfWork (http://localhost:3000/_next/static/chunks/1hdb_next_dist_compiled_react-dom_15z176d._.js:9555:97)
    at workLoopSync (http://localhost:3000/_next/static/chunks/1hdb_next_dist_compiled_react-dom_15z176d._.js:9449:40)
    at renderRootSync (http://localhost:3000/_next/static/chunks/1hdb_next_dist_compiled_react-dom_15z176d._.js:9433:13)
    at performWorkOnRoot (http://localhost:3000/_next/static/chunks/1hdb_next_dist_compiled_react-dom_15z176d._.js:9098:47)
    at performWorkOnRootViaSchedulerTask (http://localhost:3000/_next/static/chunks/1hdb_next_dist_compiled_react-dom_15z176d._.js:10255:9)
    at MessagePort.performWorkUntilDeadline (http://localhost:3000/_next/static/chunks/1hdb_next_dist_compiled_1hv8-zs._.js:2647:64)
[ 1019743ms] [LOG] [Fast Refresh] rebuilding @ http://localhost:3000/_next/static/chunks/1hdb_next_dist_1icsjrr._.js:2477
[ 1019745ms] [WARNING] [Fast Refresh] performing full reload because your application had an unrecoverable error @ http://localhost:3000/_next/static/chunks/1hdb_next_dist_1icsjrr._.js:2477
[ 1019787ms] [LOG] [Fast Refresh] done in 31ms @ http://localhost:3000/_next/static/chunks/1hdb_next_dist_1icsjrr._.js:2477
[ 1019864ms] [INFO] %cDownload the React DevTools for a better development experience: https://react.dev/link/react-devtools font-weight:bold @ http://localhost:3000/_next/static/chunks/1hdb_next_dist_1icsjrr._.js:2477
[ 1019876ms] [LOG] [HMR] connected @ http://localhost:3000/_next/static/chunks/1hdb_next_dist_1icsjrr._.js:2477
[ 1020043ms] ReferenceError: arcs is not defined
    at OpsGlobe (http://localhost:3000/_next/static/chunks/src_0xvriu0._.js:2231:9)
    at Object.react_stack_bottom_frame (http://localhost:3000/_next/static/chunks/1hdb_next_dist_compiled_react-dom_15z176d._.js:15037:24)
    at renderWithHooks (http://localhost:3000/_next/static/chunks/1hdb_next_dist_compiled_react-dom_15z176d._.js:4620:24)
    at updateFunctionComponent (http://localhost:3000/_next/static/chunks/1hdb_next_dist_compiled_react-dom_15z176d._.js:6081:21)
    at beginWork (http://localhost:3000/_next/static/chunks/1hdb_next_dist_compiled_react-dom_15z176d._.js:6665:639)
    at runWithFiberInDEV (http://localhost:3000/_next/static/chunks/1hdb_next_dist_compiled_react-dom_15z176d._.js:965:74)
    at performUnitOfWork (http://localhost:3000/_next/static/chunks/1hdb_next_dist_compiled_react-dom_15z176d._.js:9555:97)
    at workLoopSync (http://localhost:3000/_next/static/chunks/1hdb_next_dist_compiled_react-dom_15z176d._.js:9449:40)
    at renderRootSync (http://localhost:3000/_next/static/chunks/1hdb_next_dist_compiled_react-dom_15z176d._.js:9433:13)
    at performWorkOnRoot (http://localhost:3000/_next/static/chunks/1hdb_next_dist_compiled_react-dom_15z176d._.js:9098:47)
    at performWorkOnRootViaSchedulerTask (http://localhost:3000/_next/static/chunks/1hdb_next_dist_compiled_react-dom_15z176d._.js:10255:9)
    at MessagePort.performWorkUntilDeadline (http://localhost:3000/_next/static/chunks/1hdb_next_dist_compiled_1hv8-zs._.js:2647:64)
[ 1023713ms] [LOG] [Fast Refresh] rebuilding @ http://localhost:3000/_next/static/chunks/1hdb_next_dist_1icsjrr._.js:2477
[ 1023714ms] [WARNING] [Fast Refresh] performing full reload because your application had an unrecoverable error @ http://localhost:3000/_next/static/chunks/1hdb_next_dist_1icsjrr._.js:2477
[ 1023761ms] [LOG] [Fast Refresh] done in 32ms @ http://localhost:3000/_next/static/chunks/1hdb_next_dist_1icsjrr._.js:2477
[ 1023806ms] [INFO] %cDownload the React DevTools for a better development experience: https://react.dev/link/react-devtools font-weight:bold @ http://localhost:3000/_next/static/chunks/1hdb_next_dist_1icsjrr._.js:2477
[ 1023819ms] [LOG] [HMR] connected @ http://localhost:3000/_next/static/chunks/1hdb_next_dist_1icsjrr._.js:2477
[ 1024010ms] [LOG] %c[Vercel Web Analytics]%c Debug mode is enabled by default in development. No requests will be sent to the server. color: rgb(120, 120, 120) color: inherit @ http://localhost:3000/_next/static/chunks/1hdb_next_dist_1icsjrr._.js:2477
[ 1024010ms] [LOG] %c[Vercel Web Analytics]%c Running queued event color: rgb(120, 120, 120) color: inherit pageview {route: /, path: /} @ http://localhost:3000/_next/static/chunks/1hdb_next_dist_1icsjrr._.js:2477
[ 1024010ms] [LOG] %c[Vercel Web Analytics]%c [view] http://localhost:3000/ color: rgb(120, 120, 120) color: inherit {o: http://localhost:3000/, sv: 0.1.3, sdkn: @vercel/analytics/next, sdkv: 2.0.1, ts: 1784748290136} /_vercel/insights/view @ http://localhost:3000/_next/static/chunks/1hdb_next_dist_1icsjrr._.js:2477
[ 1033014ms] [LOG] [Fast Refresh] rebuilding @ http://localhost:3000/_next/static/chunks/1hdb_next_dist_1icsjrr._.js:2477
[ 1033081ms] [LOG] [Fast Refresh] done in 21ms @ http://localhost:3000/_next/static/chunks/1hdb_next_dist_1icsjrr._.js:2477
[ 1033099ms] [WARNING] WebGL: INVALID_OPERATION: drawArrays: no buffer is bound to enabled attribute @ http://localhost:3000/_next/static/chunks/node_modules__pnpm_0xnzfpb._.js:2295
[ 1050166ms] [LOG] [Fast Refresh] rebuilding @ http://localhost:3000/_next/static/chunks/1hdb_next_dist_1icsjrr._.js:2477
[ 1050195ms] [WARNING] WebGL: INVALID_OPERATION: drawArrays: no buffer is bound to enabled attribute @ http://localhost:3000/_next/static/chunks/node_modules__pnpm_0xnzfpb._.js:2295
[ 1050197ms] [LOG] [Fast Refresh] done in 33ms @ http://localhost:3000/_next/static/chunks/1hdb_next_dist_1icsjrr._.js:2477
[ 1064974ms] [LOG] [Fast Refresh] rebuilding @ http://localhost:3000/_next/static/chunks/1hdb_next_dist_1icsjrr._.js:2477
[ 1065012ms] [LOG] [Fast Refresh] done in 71ms @ http://localhost:3000/_next/static/chunks/1hdb_next_dist_1icsjrr._.js:2477
[ 1081775ms] [LOG] [Fast Refresh] rebuilding @ http://localhost:3000/_next/static/chunks/1hdb_next_dist_1icsjrr._.js:2477
[ 1081803ms] [LOG] [Fast Refresh] done in 49ms @ http://localhost:3000/_next/static/chunks/1hdb_next_dist_1icsjrr._.js:2477
[ 1096802ms] [LOG] [Fast Refresh] rebuilding @ http://localhost:3000/_next/static/chunks/1hdb_next_dist_1icsjrr._.js:2477
[ 1096946ms] [LOG] [Fast Refresh] done in 112ms @ http://localhost:3000/_next/static/chunks/1hdb_next_dist_1icsjrr._.js:2477
[ 1097068ms] [LOG] [Fast Refresh] rebuilding @ http://localhost:3000/_next/static/chunks/1hdb_next_dist_1icsjrr._.js:2477
[ 1097144ms] [LOG] [Fast Refresh] done in 177ms @ http://localhost:3000/_next/static/chunks/1hdb_next_dist_1icsjrr._.js:2477
[ 1097151ms] [WARNING] WebGL: INVALID_OPERATION: drawArrays: no buffer is bound to enabled attribute @ http://localhost:3000/_next/static/chunks/node_modules__pnpm_0xnzfpb._.js:2295
[ 1097271ms] [INFO] %cDownload the React DevTools for a better development experience: https://react.dev/link/react-devtools font-weight:bold @ http://localhost:3000/_next/static/chunks/1hdb_next_dist_1icsjrr._.js:2477
[ 1097287ms] [LOG] [HMR] connected @ http://localhost:3000/_next/static/chunks/1hdb_next_dist_1icsjrr._.js:2477
[ 1097421ms] [LOG] %c[Vercel Web Analytics]%c Debug mode is enabled by default in development. No requests will be sent to the server. color: rgb(120, 120, 120) color: inherit @ http://localhost:3000/_next/static/chunks/1hdb_next_dist_1icsjrr._.js:2477
[ 1097421ms] [LOG] %c[Vercel Web Analytics]%c Running queued event color: rgb(120, 120, 120) color: inherit pageview {route: /, path: /} @ http://localhost:3000/_next/static/chunks/1hdb_next_dist_1icsjrr._.js:2477
[ 1097421ms] [LOG] %c[Vercel Web Analytics]%c [view] http://localhost:3000/ color: rgb(120, 120, 120) color: inherit {o: http://localhost:3000/, sv: 0.1.3, sdkn: @vercel/analytics/next, sdkv: 2.0.1, ts: 1784748363546} /_vercel/insights/view @ http://localhost:3000/_next/static/chunks/1hdb_next_dist_1icsjrr._.js:2477
[ 1119165ms] [LOG] [Fast Refresh] rebuilding @ http://localhost:3000/_next/static/chunks/1hdb_next_dist_1icsjrr._.js:2477
[ 1119192ms] [LOG] [Fast Refresh] done in 30ms @ http://localhost:3000/_next/static/chunks/1hdb_next_dist_1icsjrr._.js:2477
[ 1123943ms] [LOG] [Fast Refresh] rebuilding @ http://localhost:3000/_next/static/chunks/1hdb_next_dist_1icsjrr._.js:2477
[ 1123979ms] [WARNING] WebGL: INVALID_OPERATION: drawArrays: no buffer is bound to enabled attribute @ http://localhost:3000/_next/static/chunks/node_modules__pnpm_0mxpvhy._.js:2092
[ 1123980ms] [LOG] [Fast Refresh] done in 27ms @ http://localhost:3000/_next/static/chunks/1hdb_next_dist_1icsjrr._.js:2477
[ 1132597ms] [ERROR] ./src/components/ops/ops-console.tsx:143:7
Expected '>', got 'ident'
  141 |         </div>
  142 |       </section>
> 143 |     </div>
      |       ^^^
  144 |   );
  145 | }
  146 |

Parsing ecmascript source code failed

Import trace:
  Server Component:
    ./src/components/ops/ops-console.tsx
    ./src/app/page.tsx @ http://localhost:3000/_next/static/chunks/1hdb_next_dist_1icsjrr._.js:3318
[ 1132625ms] [LOG] [Fast Refresh] rebuilding @ http://localhost:3000/_next/static/chunks/1hdb_next_dist_1icsjrr._.js:2477
[ 1138636ms] [LOG] [Fast Refresh] rebuilding @ http://localhost:3000/_next/static/chunks/1hdb_next_dist_1icsjrr._.js:2477
[ 1138709ms] [LOG] [Fast Refresh] done in 52ms @ http://localhost:3000/_next/static/chunks/1hdb_next_dist_1icsjrr._.js:2477
[ 1166187ms] [LOG] [Fast Refresh] rebuilding @ http://localhost:3000/_next/static/chunks/1hdb_next_dist_1icsjrr._.js:2477
[ 1166402ms] [LOG] [Fast Refresh] done in 133ms @ http://localhost:3000/_next/static/chunks/1hdb_next_dist_1icsjrr._.js:2477
[ 1166639ms] [WARNING] WebGL: INVALID_OPERATION: drawArrays: no buffer is bound to enabled attribute @ http://localhost:3000/_next/static/chunks/node_modules__pnpm_0mxpvhy._.js:2092
[ 1177288ms] [LOG] [Fast Refresh] rebuilding @ http://localhost:3000/_next/static/chunks/1hdb_next_dist_1icsjrr._.js:2477
[ 1177320ms] [LOG] [Fast Refresh] done in 45ms @ http://localhost:3000/_next/static/chunks/1hdb_next_dist_1icsjrr._.js:2477
[ 1193248ms] [LOG] [Fast Refresh] rebuilding @ http://localhost:3000/_next/static/chunks/1hdb_next_dist_1icsjrr._.js:2477
[ 1193279ms] [LOG] [Fast Refresh] done in 47ms @ http://localhost:3000/_next/static/chunks/1hdb_next_dist_1icsjrr._.js:2477
[ 1211646ms] [LOG] [Fast Refresh] rebuilding @ http://localhost:3000/_next/static/chunks/1hdb_next_dist_1icsjrr._.js:2477
[ 1211677ms] [LOG] [Fast Refresh] done in 67ms @ http://localhost:3000/_next/static/chunks/1hdb_next_dist_1icsjrr._.js:2477
[ 1218472ms] [LOG] [Fast Refresh] rebuilding @ http://localhost:3000/_next/static/chunks/1hdb_next_dist_1icsjrr._.js:2477
[ 1218525ms] [LOG] [Fast Refresh] done in 53ms @ http://localhost:3000/_next/static/chunks/1hdb_next_dist_1icsjrr._.js:2477
[ 1218629ms] [WARNING] WebGL: INVALID_OPERATION: drawArrays: no buffer is bound to enabled attribute @ http://localhost:3000/_next/static/chunks/node_modules__pnpm_0mxpvhy._.js:2092
[ 1233464ms] [LOG] [Fast Refresh] rebuilding @ http://localhost:3000/_next/static/chunks/1hdb_next_dist_1icsjrr._.js:2477
[ 1233628ms] [LOG] [Fast Refresh] done in 85ms @ http://localhost:3000/_next/static/chunks/1hdb_next_dist_1icsjrr._.js:2477
[ 1234222ms] [WARNING] WebGL: INVALID_OPERATION: drawArrays: no buffer is bound to enabled attribute @ http://localhost:3000/_next/static/chunks/node_modules__pnpm_0mxpvhy._.js:2092
[ 1261150ms] [LOG] [Fast Refresh] rebuilding @ http://localhost:3000/_next/static/chunks/1hdb_next_dist_1icsjrr._.js:2477
[ 1261482ms] [LOG] [Fast Refresh] done in 228ms @ http://localhost:3000/_next/static/chunks/1hdb_next_dist_1icsjrr._.js:2477
[ 1261730ms] [WARNING] WebGL: INVALID_OPERATION: drawArrays: no buffer is bound to enabled attribute @ http://localhost:3000/_next/static/chunks/node_modules__pnpm_0mxpvhy._.js:2092
[ 1294193ms] [LOG] [Fast Refresh] rebuilding @ http://localhost:3000/_next/static/chunks/1hdb_next_dist_1icsjrr._.js:2477
[ 1294334ms] [LOG] [Fast Refresh] done in 241ms @ http://localhost:3000/_next/static/chunks/1hdb_next_dist_1icsjrr._.js:2477
[ 1427554ms] [LOG] [Fast Refresh] rebuilding @ http://localhost:3000/_next/static/chunks/1hdb_next_dist_1icsjrr._.js:2477
[ 1427629ms] [LOG] [Fast Refresh] done in 19ms @ http://localhost:3000/_next/static/chunks/1hdb_next_dist_1icsjrr._.js:2477
[ 1434795ms] [LOG] [Fast Refresh] rebuilding @ http://localhost:3000/_next/static/chunks/1hdb_next_dist_1icsjrr._.js:2477
[ 1434822ms] [LOG] [Fast Refresh] done in 29ms @ http://localhost:3000/_next/static/chunks/1hdb_next_dist_1icsjrr._.js:2477
[ 1473021ms] [LOG] [Fast Refresh] rebuilding @ http://localhost:3000/_next/static/chunks/1hdb_next_dist_1icsjrr._.js:2477
[ 1473051ms] [LOG] [Fast Refresh] done in 29ms @ http://localhost:3000/_next/static/chunks/1hdb_next_dist_1icsjrr._.js:2477
[ 1502767ms] [LOG] [Fast Refresh] rebuilding @ http://localhost:3000/_next/static/chunks/1hdb_next_dist_1icsjrr._.js:2477
[ 1502827ms] [LOG] [Fast Refresh] done in 36ms @ http://localhost:3000/_next/static/chunks/1hdb_next_dist_1icsjrr._.js:2477
[ 1502874ms] [WARNING] WebGL: INVALID_OPERATION: drawArrays: no buffer is bound to enabled attribute @ http://localhost:3000/_next/static/chunks/node_modules__pnpm_0mxpvhy._.js:2092
[ 1504114ms] [LOG] [Fast Refresh] rebuilding @ http://localhost:3000/_next/static/chunks/1hdb_next_dist_1icsjrr._.js:2477
[ 1504130ms] [LOG] [Fast Refresh] done in 118ms @ http://localhost:3000/_next/static/chunks/1hdb_next_dist_1icsjrr._.js:2477
[ 1585027ms] [LOG] [Fast Refresh] rebuilding @ http://localhost:3000/_next/static/chunks/1hdb_next_dist_1icsjrr._.js:2477
[ 1585060ms] [LOG] [Fast Refresh] done in 57ms @ http://localhost:3000/_next/static/chunks/1hdb_next_dist_1icsjrr._.js:2477
[ 1604293ms] [LOG] [Fast Refresh] rebuilding @ http://localhost:3000/_next/static/chunks/1hdb_next_dist_1icsjrr._.js:2477
[ 1604321ms] [LOG] [Fast Refresh] done in 63ms @ http://localhost:3000/_next/static/chunks/1hdb_next_dist_1icsjrr._.js:2477
[ 1616963ms] [LOG] [Fast Refresh] rebuilding @ http://localhost:3000/_next/static/chunks/1hdb_next_dist_1icsjrr._.js:2477
[ 1616993ms] [LOG] [Fast Refresh] done in 40ms @ http://localhost:3000/_next/static/chunks/1hdb_next_dist_1icsjrr._.js:2477
[ 1622180ms] [LOG] [Fast Refresh] rebuilding @ http://localhost:3000/_next/static/chunks/1hdb_next_dist_1icsjrr._.js:2477
[ 1622209ms] [LOG] [Fast Refresh] done in 26ms @ http://localhost:3000/_next/static/chunks/1hdb_next_dist_1icsjrr._.js:2477
[ 1685022ms] [LOG] [Fast Refresh] rebuilding @ http://localhost:3000/_next/static/chunks/1hdb_next_dist_1icsjrr._.js:2477
[ 1685054ms] [LOG] [Fast Refresh] done in 63ms @ http://localhost:3000/_next/static/chunks/1hdb_next_dist_1icsjrr._.js:2477
[ 1781446ms] [LOG] [Fast Refresh] rebuilding @ http://localhost:3000/_next/static/chunks/1hdb_next_dist_1icsjrr._.js:2477
[ 1781470ms] [LOG] [Fast Refresh] done in 40ms @ http://localhost:3000/_next/static/chunks/1hdb_next_dist_1icsjrr._.js:2477
[ 2113658ms] [LOG] [Fast Refresh] rebuilding @ http://localhost:3000/_next/static/chunks/1hdb_next_dist_1icsjrr._.js:2477
[ 2113687ms] [LOG] [Fast Refresh] done in 66ms @ http://localhost:3000/_next/static/chunks/1hdb_next_dist_1icsjrr._.js:2477
